#
# There is insufficient memory for the Java Runtime Environment to continue.
# Native memory allocation (malloc) failed to allocate 2200976 bytes for Chunk::new
# Possible reasons:
#   The system is out of physical RAM or swap space
#   The process is running with CompressedOops enabled, and the Java Heap may be blocking the growth of the native heap
# Possible solutions:
#   Reduce memory load on the system
#   Increase physical memory or swap space
#   Check if swap backing store is full
#   Decrease Java heap size (-Xmx/-Xms)
#   Decrease number of Java threads
#   Decrease Java thread stack sizes (-Xss)
#   Set larger code cache with -XX:ReservedCodeCacheSize=
#   JVM is running with Unscaled Compressed Oops mode in which the Java heap is
#     placed in the first 4GB address space. The Java Heap base address is the
#     maximum limit for the native heap growth. Please use -XX:HeapBaseMinAddress
#     to set the Java Heap base and to place the Java Heap above 4GB virtual address.
# This output file may be truncated or incomplete.
#
#  Out of Memory Error (./open/src/hotspot/share/memory/arena.cpp:197), pid=24036, tid=23740
#
# JRE version: Java(TM) SE Runtime Environment 18.9 (11.0.10+8) (build 11.0.10+8-LTS-162)
# Java VM: Java HotSpot(TM) 64-Bit Server VM 18.9 (11.0.10+8-LTS-162, mixed mode, tiered, compressed oops, g1 gc, windows-amd64)
# No core dump will be written. Minidumps are not enabled by default on client versions of Windows
#

---------------  S U M M A R Y ------------

Command Line: -ea -Didea.test.cyclic.buffer.size=1048576 -javaagent:C:\Program Files\JetBrains\IntelliJ IDEA 2020.3.2\lib\idea_rt.jar=50339:C:\Program Files\JetBrains\IntelliJ IDEA 2020.3.2\bin -Dfile.encoding=UTF-8 com.intellij.rt.junit.JUnitStarter -ideVersion5 -junit5 @w@C:\Users\LENOVO\AppData\Local\Temp\idea_working_dirs_junit.tmp @C:\Users\LENOVO\AppData\Local\Temp\idea_junit.tmp -socket50338

Host: Intel(R) Core(TM) i7-8550U CPU @ 1.80GHz, 8 cores, 7G,  Windows 10 , 64 bit Build 19041 (10.0.19041.928)
Time: Fri May 28 15:11:18 2021 Romance Standard Time elapsed time: 16.364645 seconds (0d 0h 0m 16s)

---------------  T H R E A D  ---------------

Current thread (0x0000015e4c17b800):  JavaThread "C2 CompilerThread0" daemon [_thread_in_native, id=23740, stack(0x0000002896300000,0x0000002896400000)]


Current CompileTask:
C2:  16366 4901   !   4       org.springframework.core.annotation.AnnotationsScanner::processClassHierarchy (227 bytes)

Stack: [0x0000002896300000,0x0000002896400000]
Native frames: (J=compiled Java code, j=interpreted, Vv=VM code, C=native code)
V  [jvm.dll+0x613e6a]
V  [jvm.dll+0x74c1ff]
V  [jvm.dll+0x74d885]
V  [jvm.dll+0x74df03]
V  [jvm.dll+0x243b78]
V  [jvm.dll+0xba2cc]
V  [jvm.dll+0xba9cc]
V  [jvm.dll+0x346982]
V  [jvm.dll+0x194059]
V  [jvm.dll+0x1fd4a2]
V  [jvm.dll+0x1fc54f]
V  [jvm.dll+0x17f09c]
V  [jvm.dll+0x20bbd4]
V  [jvm.dll+0x209cab]
V  [jvm.dll+0x713619]
V  [jvm.dll+0x70c314]
V  [jvm.dll+0x613036]
C  [ucrtbase.dll+0x21bb2]
C  [KERNEL32.DLL+0x17034]
C  [ntdll.dll+0x52651]


---------------  P R O C E S S  ---------------

Threads class SMR info:
_java_thread_list=0x0000015e4dfdc7d0, length=13, elements={
0x0000015e2d442000, 0x0000015e4c166000, 0x0000015e4c16f800, 0x0000015e4c179000,
0x0000015e4c17a800, 0x0000015e4c17b800, 0x0000015e4c181000, 0x0000015e4c184800,
0x0000015e4cc0c800, 0x0000015e4ce99800, 0x0000015e4ce9e000, 0x0000015e4e730800,
0x0000015e5195c800
}

Java Threads: ( => current thread )
  0x0000015e2d442000 JavaThread "main" [_thread_in_vm, id=24512, stack(0x0000002895800000,0x0000002895900000)]
  0x0000015e4c166000 JavaThread "Reference Handler" daemon [_thread_blocked, id=23796, stack(0x0000002895f00000,0x0000002896000000)]
  0x0000015e4c16f800 JavaThread "Finalizer" daemon [_thread_blocked, id=23792, stack(0x0000002896000000,0x0000002896100000)]
  0x0000015e4c179000 JavaThread "Signal Dispatcher" daemon [_thread_blocked, id=23788, stack(0x0000002896100000,0x0000002896200000)]
  0x0000015e4c17a800 JavaThread "Attach Listener" daemon [_thread_blocked, id=23916, stack(0x0000002896200000,0x0000002896300000)]
=>0x0000015e4c17b800 JavaThread "C2 CompilerThread0" daemon [_thread_in_native, id=23740, stack(0x0000002896300000,0x0000002896400000)]
  0x0000015e4c181000 JavaThread "C1 CompilerThread0" daemon [_thread_blocked, id=20420, stack(0x0000002896400000,0x0000002896500000)]
  0x0000015e4c184800 JavaThread "Sweeper thread" daemon [_thread_blocked, id=22440, stack(0x0000002896500000,0x0000002896600000)]
  0x0000015e4cc0c800 JavaThread "Common-Cleaner" daemon [_thread_blocked, id=8184, stack(0x0000002896600000,0x0000002896700000)]
  0x0000015e4ce99800 JavaThread "Monitor Ctrl-Break" daemon [_thread_in_native, id=21968, stack(0x0000002896700000,0x0000002896800000)]
  0x0000015e4ce9e000 JavaThread "Service Thread" daemon [_thread_blocked, id=23500, stack(0x0000002896800000,0x0000002896900000)]
  0x0000015e4e730800 JavaThread "mysql-cj-abandoned-connection-cleanup" daemon [_thread_blocked, id=23756, stack(0x0000002896d00000,0x0000002896e00000)]
  0x0000015e5195c800 JavaThread "HikariPool-1 housekeeper" daemon [_thread_blocked, id=20680, stack(0x0000002896f00000,0x0000002897000000)]

Other Threads:
  0x0000015e4c164000 VMThread "VM Thread" [stack: 0x0000002895e00000,0x0000002895f00000] [id=23860]
  0x0000015e4cea0000 WatcherThread [stack: 0x0000002896900000,0x0000002896a00000] [id=20800]
  0x0000015e2d456000 GCTaskThread "GC Thread#0" [stack: 0x0000002895900000,0x0000002895a00000] [id=20452]
  0x0000015e4db7e000 GCTaskThread "GC Thread#1" [stack: 0x0000002896a00000,0x0000002896b00000] [id=23724]
  0x0000015e4dbbb000 GCTaskThread "GC Thread#2" [stack: 0x0000002896b00000,0x0000002896c00000] [id=23720]
  0x0000015e4f7f2800 GCTaskThread "GC Thread#3" [stack: 0x0000002897100000,0x0000002897200000] [id=8480]
  0x0000015e2b32d800 ConcurrentGCThread "G1 Main Marker" [stack: 0x0000002895a00000,0x0000002895b00000] [id=24460]
  0x0000015e2d484000 ConcurrentGCThread "G1 Conc#0" [stack: 0x0000002895b00000,0x0000002895c00000] [id=24328]
  0x0000015e4e34b800 ConcurrentGCThread "G1 Conc#1" [stack: 0x0000002896c00000,0x0000002896d00000] [id=24196]
  0x0000015e2d50e000 ConcurrentGCThread "G1 Refine#0" [stack: 0x0000002895c00000,0x0000002895d00000] [id=23912]
  0x0000015e4bfa8800 ConcurrentGCThread "G1 Young RemSet Sampling" [stack: 0x0000002895d00000,0x0000002895e00000] [id=24236]

Threads with active compile tasks:
C2 CompilerThread0  16489 4901   !   4       org.springframework.core.annotation.AnnotationsScanner::processClassHierarchy (227 bytes)

VM state:not at safepoint (normal execution)

VM Mutex/Monitor currently owned by a thread: None

Heap address: 0x0000000081e00000, size: 2018 MB, Compressed Oops mode: 32-bit
Narrow klass base: 0x0000000000000000, Narrow klass shift: 3
Compressed class space size: 1073741824 Address: 0x0000000100000000

Heap:
 garbage-first heap   total 189440K, used 67667K [0x0000000081e00000, 0x0000000100000000)
  region size 1024K, 48 young (49152K), 10 survivors (10240K)
 Metaspace       used 59082K, capacity 60971K, committed 61264K, reserved 1101824K
  class space    used 7468K, capacity 8225K, committed 8316K, reserved 1048576K
Heap Regions: E=young(eden), S=young(survivor), O=old, HS=humongous(starts), HC=humongous(continues), CS=collection set, F=free, A=archive, TAMS=top-at-mark-start (previous, next)
|   0|0x0000000081e00000, 0x0000000081f00000, 0x0000000081f00000|100%|HS|  |TAMS 0x0000000081f00000, 0x0000000081e00000| Complete 
|   1|0x0000000081f00000, 0x0000000082000000, 0x0000000082000000|100%| O|  |TAMS 0x0000000082000000, 0x0000000081f00000| Untracked 
|   2|0x0000000082000000, 0x0000000082100000, 0x0000000082100000|100%| O|  |TAMS 0x0000000082100000, 0x0000000082000000| Untracked 
|   3|0x0000000082100000, 0x0000000082200000, 0x0000000082200000|100%| O|  |TAMS 0x0000000082200000, 0x0000000082100000| Untracked 
|   4|0x0000000082200000, 0x0000000082300000, 0x0000000082300000|100%| O|  |TAMS 0x0000000082300000, 0x0000000082200000| Untracked 
|   5|0x0000000082300000, 0x0000000082400000, 0x0000000082400000|100%| O|  |TAMS 0x0000000082400000, 0x0000000082300000| Untracked 
|   6|0x0000000082400000, 0x0000000082500000, 0x0000000082500000|100%| O|  |TAMS 0x0000000082500000, 0x0000000082400000| Untracked 
|   7|0x0000000082500000, 0x0000000082600000, 0x0000000082600000|100%| O|  |TAMS 0x0000000082600000, 0x0000000082500000| Untracked 
|   8|0x0000000082600000, 0x0000000082700000, 0x0000000082700000|100%| O|  |TAMS 0x0000000082700000, 0x0000000082600000| Untracked 
|   9|0x0000000082700000, 0x0000000082800000, 0x0000000082800000|100%| O|  |TAMS 0x0000000082800000, 0x0000000082700000| Untracked 
|  10|0x0000000082800000, 0x0000000082900000, 0x0000000082900000|100%| O|  |TAMS 0x0000000082900000, 0x0000000082800000| Untracked 
|  11|0x0000000082900000, 0x0000000082a00000, 0x0000000082a00000|100%| O|  |TAMS 0x0000000082a00000, 0x0000000082900000| Untracked 
|  12|0x0000000082a00000, 0x0000000082b00000, 0x0000000082b00000|100%| O|  |TAMS 0x0000000082b00000, 0x0000000082a00000| Untracked 
|  13|0x0000000082b00000, 0x0000000082c00000, 0x0000000082c00000|100%| O|  |TAMS 0x0000000082c00000, 0x0000000082b00000| Untracked 
|  14|0x0000000082c00000, 0x0000000082d00000, 0x0000000082d00000|100%| O|  |TAMS 0x0000000082d00000, 0x0000000082c00000| Untracked 
|  15|0x0000000082d00000, 0x0000000082e00000, 0x0000000082e00000|100%| O|  |TAMS 0x0000000082e00000, 0x0000000082d00000| Untracked 
|  16|0x0000000082e00000, 0x0000000082f00000, 0x0000000082f00000|100%| O|  |TAMS 0x0000000082f00000, 0x0000000082e00000| Untracked 
|  17|0x0000000082f00000, 0x0000000083000000, 0x0000000083000000|100%| O|  |TAMS 0x0000000083000000, 0x0000000082f00000| Untracked 
|  18|0x0000000083000000, 0x0000000083100000, 0x0000000083100000|100%| O|  |TAMS 0x0000000083100000, 0x0000000083000000| Untracked 
|  19|0x0000000083100000, 0x00000000831b6000, 0x0000000083200000| 71%| O|  |TAMS 0x00000000831b6000, 0x0000000083100000| Untracked 
|  20|0x0000000083200000, 0x0000000083200000, 0x0000000083300000|  0%| F|  |TAMS 0x0000000083200000, 0x0000000083200000| Untracked 
|  21|0x0000000083300000, 0x0000000083300000, 0x0000000083400000|  0%| F|  |TAMS 0x0000000083300000, 0x0000000083300000| Untracked 
|  22|0x0000000083400000, 0x0000000083400000, 0x0000000083500000|  0%| F|  |TAMS 0x0000000083400000, 0x0000000083400000| Untracked 
|  23|0x0000000083500000, 0x0000000083500000, 0x0000000083600000|  0%| F|  |TAMS 0x0000000083500000, 0x0000000083500000| Untracked 
|  24|0x0000000083600000, 0x0000000083600000, 0x0000000083700000|  0%| F|  |TAMS 0x0000000083600000, 0x0000000083600000| Untracked 
|  25|0x0000000083700000, 0x0000000083700000, 0x0000000083800000|  0%| F|  |TAMS 0x0000000083700000, 0x0000000083700000| Untracked 
|  26|0x0000000083800000, 0x0000000083800000, 0x0000000083900000|  0%| F|  |TAMS 0x0000000083800000, 0x0000000083800000| Untracked 
|  27|0x0000000083900000, 0x0000000083900000, 0x0000000083a00000|  0%| F|  |TAMS 0x0000000083900000, 0x0000000083900000| Untracked 
|  28|0x0000000083a00000, 0x0000000083a00000, 0x0000000083b00000|  0%| F|  |TAMS 0x0000000083a00000, 0x0000000083a00000| Untracked 
|  29|0x0000000083b00000, 0x0000000083b00000, 0x0000000083c00000|  0%| F|  |TAMS 0x0000000083b00000, 0x0000000083b00000| Untracked 
|  30|0x0000000083c00000, 0x0000000083c00000, 0x0000000083d00000|  0%| F|  |TAMS 0x0000000083c00000, 0x0000000083c00000| Untracked 
|  31|0x0000000083d00000, 0x0000000083d00000, 0x0000000083e00000|  0%| F|  |TAMS 0x0000000083d00000, 0x0000000083d00000| Untracked 
|  32|0x0000000083e00000, 0x0000000083e00000, 0x0000000083f00000|  0%| F|  |TAMS 0x0000000083e00000, 0x0000000083e00000| Untracked 
|  33|0x0000000083f00000, 0x0000000083f00000, 0x0000000084000000|  0%| F|  |TAMS 0x0000000083f00000, 0x0000000083f00000| Untracked 
|  34|0x0000000084000000, 0x0000000084000000, 0x0000000084100000|  0%| F|  |TAMS 0x0000000084000000, 0x0000000084000000| Untracked 
|  35|0x0000000084100000, 0x0000000084100000, 0x0000000084200000|  0%| F|  |TAMS 0x0000000084100000, 0x0000000084100000| Untracked 
|  36|0x0000000084200000, 0x0000000084200000, 0x0000000084300000|  0%| F|  |TAMS 0x0000000084200000, 0x0000000084200000| Untracked 
|  37|0x0000000084300000, 0x0000000084300000, 0x0000000084400000|  0%| F|  |TAMS 0x0000000084300000, 0x0000000084300000| Untracked 
|  38|0x0000000084400000, 0x0000000084400000, 0x0000000084500000|  0%| F|  |TAMS 0x0000000084400000, 0x0000000084400000| Untracked 
|  39|0x0000000084500000, 0x0000000084500000, 0x0000000084600000|  0%| F|  |TAMS 0x0000000084500000, 0x0000000084500000| Untracked 
|  40|0x0000000084600000, 0x0000000084600000, 0x0000000084700000|  0%| F|  |TAMS 0x0000000084600000, 0x0000000084600000| Untracked 
|  41|0x0000000084700000, 0x0000000084700000, 0x0000000084800000|  0%| F|  |TAMS 0x0000000084700000, 0x0000000084700000| Untracked 
|  42|0x0000000084800000, 0x0000000084800000, 0x0000000084900000|  0%| F|  |TAMS 0x0000000084800000, 0x0000000084800000| Untracked 
|  43|0x0000000084900000, 0x0000000084900000, 0x0000000084a00000|  0%| F|  |TAMS 0x0000000084900000, 0x0000000084900000| Untracked 
|  44|0x0000000084a00000, 0x0000000084a00000, 0x0000000084b00000|  0%| F|  |TAMS 0x0000000084a00000, 0x0000000084a00000| Untracked 
|  45|0x0000000084b00000, 0x0000000084b00000, 0x0000000084c00000|  0%| F|  |TAMS 0x0000000084b00000, 0x0000000084b00000| Untracked 
|  46|0x0000000084c00000, 0x0000000084c00000, 0x0000000084d00000|  0%| F|  |TAMS 0x0000000084c00000, 0x0000000084c00000| Untracked 
|  47|0x0000000084d00000, 0x0000000084d00000, 0x0000000084e00000|  0%| F|  |TAMS 0x0000000084d00000, 0x0000000084d00000| Untracked 
|  48|0x0000000084e00000, 0x0000000084e00000, 0x0000000084f00000|  0%| F|  |TAMS 0x0000000084e00000, 0x0000000084e00000| Untracked 
|  49|0x0000000084f00000, 0x0000000084f00000, 0x0000000085000000|  0%| F|  |TAMS 0x0000000084f00000, 0x0000000084f00000| Untracked 
|  50|0x0000000085000000, 0x0000000085000000, 0x0000000085100000|  0%| F|  |TAMS 0x0000000085000000, 0x0000000085000000| Untracked 
|  51|0x0000000085100000, 0x0000000085100000, 0x0000000085200000|  0%| F|  |TAMS 0x0000000085100000, 0x0000000085100000| Untracked 
|  52|0x0000000085200000, 0x0000000085200000, 0x0000000085300000|  0%| F|  |TAMS 0x0000000085200000, 0x0000000085200000| Untracked 
|  53|0x0000000085300000, 0x0000000085300000, 0x0000000085400000|  0%| F|  |TAMS 0x0000000085300000, 0x0000000085300000| Untracked 
|  54|0x0000000085400000, 0x0000000085400000, 0x0000000085500000|  0%| F|  |TAMS 0x0000000085400000, 0x0000000085400000| Untracked 
|  55|0x0000000085500000, 0x0000000085500000, 0x0000000085600000|  0%| F|  |TAMS 0x0000000085500000, 0x0000000085500000| Untracked 
|  56|0x0000000085600000, 0x0000000085600000, 0x0000000085700000|  0%| F|  |TAMS 0x0000000085600000, 0x0000000085600000| Untracked 
|  57|0x0000000085700000, 0x0000000085700000, 0x0000000085800000|  0%| F|  |TAMS 0x0000000085700000, 0x0000000085700000| Untracked 
|  58|0x0000000085800000, 0x0000000085800000, 0x0000000085900000|  0%| F|  |TAMS 0x0000000085800000, 0x0000000085800000| Untracked 
|  59|0x0000000085900000, 0x0000000085900000, 0x0000000085a00000|  0%| F|  |TAMS 0x0000000085900000, 0x0000000085900000| Untracked 
|  60|0x0000000085a00000, 0x0000000085a00000, 0x0000000085b00000|  0%| F|  |TAMS 0x0000000085a00000, 0x0000000085a00000| Untracked 
|  61|0x0000000085b00000, 0x0000000085b00000, 0x0000000085c00000|  0%| F|  |TAMS 0x0000000085b00000, 0x0000000085b00000| Untracked 
|  62|0x0000000085c00000, 0x0000000085c00000, 0x0000000085d00000|  0%| F|  |TAMS 0x0000000085c00000, 0x0000000085c00000| Untracked 
|  63|0x0000000085d00000, 0x0000000085d00000, 0x0000000085e00000|  0%| F|  |TAMS 0x0000000085d00000, 0x0000000085d00000| Untracked 
|  64|0x0000000085e00000, 0x0000000085e00000, 0x0000000085f00000|  0%| F|  |TAMS 0x0000000085e00000, 0x0000000085e00000| Untracked 
|  65|0x0000000085f00000, 0x0000000085f00000, 0x0000000086000000|  0%| F|  |TAMS 0x0000000085f00000, 0x0000000085f00000| Untracked 
|  66|0x0000000086000000, 0x0000000086000000, 0x0000000086100000|  0%| F|  |TAMS 0x0000000086000000, 0x0000000086000000| Untracked 
|  67|0x0000000086100000, 0x0000000086100000, 0x0000000086200000|  0%| F|  |TAMS 0x0000000086100000, 0x0000000086100000| Untracked 
|  68|0x0000000086200000, 0x0000000086200000, 0x0000000086300000|  0%| F|  |TAMS 0x0000000086200000, 0x0000000086200000| Untracked 
|  69|0x0000000086300000, 0x0000000086300000, 0x0000000086400000|  0%| F|  |TAMS 0x0000000086300000, 0x0000000086300000| Untracked 
|  70|0x0000000086400000, 0x0000000086400000, 0x0000000086500000|  0%| F|  |TAMS 0x0000000086400000, 0x0000000086400000| Untracked 
|  71|0x0000000086500000, 0x0000000086500000, 0x0000000086600000|  0%| F|  |TAMS 0x0000000086500000, 0x0000000086500000| Untracked 
|  72|0x0000000086600000, 0x0000000086600000, 0x0000000086700000|  0%| F|  |TAMS 0x0000000086600000, 0x0000000086600000| Untracked 
|  73|0x0000000086700000, 0x0000000086700000, 0x0000000086800000|  0%| F|  |TAMS 0x0000000086700000, 0x0000000086700000| Untracked 
|  74|0x0000000086800000, 0x0000000086800000, 0x0000000086900000|  0%| F|  |TAMS 0x0000000086800000, 0x0000000086800000| Untracked 
|  75|0x0000000086900000, 0x0000000086900000, 0x0000000086a00000|  0%| F|  |TAMS 0x0000000086900000, 0x0000000086900000| Untracked 
|  76|0x0000000086a00000, 0x0000000086a00000, 0x0000000086b00000|  0%| F|  |TAMS 0x0000000086a00000, 0x0000000086a00000| Untracked 
|  77|0x0000000086b00000, 0x0000000086b00000, 0x0000000086c00000|  0%| F|  |TAMS 0x0000000086b00000, 0x0000000086b00000| Untracked 
|  78|0x0000000086c00000, 0x0000000086c00000, 0x0000000086d00000|  0%| F|  |TAMS 0x0000000086c00000, 0x0000000086c00000| Untracked 
|  79|0x0000000086d00000, 0x0000000086d00000, 0x0000000086e00000|  0%| F|  |TAMS 0x0000000086d00000, 0x0000000086d00000| Untracked 
|  80|0x0000000086e00000, 0x0000000086e00000, 0x0000000086f00000|  0%| F|  |TAMS 0x0000000086e00000, 0x0000000086e00000| Untracked 
|  81|0x0000000086f00000, 0x0000000086f00000, 0x0000000087000000|  0%| F|  |TAMS 0x0000000086f00000, 0x0000000086f00000| Untracked 
|  82|0x0000000087000000, 0x0000000087000000, 0x0000000087100000|  0%| F|  |TAMS 0x0000000087000000, 0x0000000087000000| Untracked 
|  83|0x0000000087100000, 0x0000000087100000, 0x0000000087200000|  0%| F|  |TAMS 0x0000000087100000, 0x0000000087100000| Untracked 
|  84|0x0000000087200000, 0x0000000087200000, 0x0000000087300000|  0%| F|  |TAMS 0x0000000087200000, 0x0000000087200000| Untracked 
|  85|0x0000000087300000, 0x0000000087300000, 0x0000000087400000|  0%| F|  |TAMS 0x0000000087300000, 0x0000000087300000| Untracked 
|  86|0x0000000087400000, 0x0000000087400000, 0x0000000087500000|  0%| F|  |TAMS 0x0000000087400000, 0x0000000087400000| Untracked 
|  87|0x0000000087500000, 0x0000000087500000, 0x0000000087600000|  0%| F|  |TAMS 0x0000000087500000, 0x0000000087500000| Untracked 
|  88|0x0000000087600000, 0x0000000087600000, 0x0000000087700000|  0%| F|  |TAMS 0x0000000087600000, 0x0000000087600000| Untracked 
|  89|0x0000000087700000, 0x0000000087700000, 0x0000000087800000|  0%| F|  |TAMS 0x0000000087700000, 0x0000000087700000| Untracked 
|  90|0x0000000087800000, 0x0000000087800000, 0x0000000087900000|  0%| F|  |TAMS 0x0000000087800000, 0x0000000087800000| Untracked 
|  91|0x0000000087900000, 0x0000000087900000, 0x0000000087a00000|  0%| F|  |TAMS 0x0000000087900000, 0x0000000087900000| Untracked 
|  92|0x0000000087a00000, 0x0000000087a00000, 0x0000000087b00000|  0%| F|  |TAMS 0x0000000087a00000, 0x0000000087a00000| Untracked 
|  93|0x0000000087b00000, 0x0000000087b00000, 0x0000000087c00000|  0%| F|  |TAMS 0x0000000087b00000, 0x0000000087b00000| Untracked 
|  94|0x0000000087c00000, 0x0000000087c00000, 0x0000000087d00000|  0%| F|  |TAMS 0x0000000087c00000, 0x0000000087c00000| Untracked 
|  95|0x0000000087d00000, 0x0000000087d00000, 0x0000000087e00000|  0%| F|  |TAMS 0x0000000087d00000, 0x0000000087d00000| Untracked 
|  96|0x0000000087e00000, 0x0000000087e00000, 0x0000000087f00000|  0%| F|  |TAMS 0x0000000087e00000, 0x0000000087e00000| Untracked 
|  97|0x0000000087f00000, 0x0000000087f00000, 0x0000000088000000|  0%| F|  |TAMS 0x0000000087f00000, 0x0000000087f00000| Untracked 
|  98|0x0000000088000000, 0x0000000088000000, 0x0000000088100000|  0%| F|  |TAMS 0x0000000088000000, 0x0000000088000000| Untracked 
|  99|0x0000000088100000, 0x0000000088100000, 0x0000000088200000|  0%| F|  |TAMS 0x0000000088100000, 0x0000000088100000| Untracked 
| 100|0x0000000088200000, 0x0000000088200000, 0x0000000088300000|  0%| F|  |TAMS 0x0000000088200000, 0x0000000088200000| Untracked 
| 101|0x0000000088300000, 0x0000000088300000, 0x0000000088400000|  0%| F|  |TAMS 0x0000000088300000, 0x0000000088300000| Untracked 
| 102|0x0000000088400000, 0x0000000088400000, 0x0000000088500000|  0%| F|  |TAMS 0x0000000088400000, 0x0000000088400000| Untracked 
| 103|0x0000000088500000, 0x0000000088500000, 0x0000000088600000|  0%| F|  |TAMS 0x0000000088500000, 0x0000000088500000| Untracked 
| 104|0x0000000088600000, 0x0000000088600000, 0x0000000088700000|  0%| F|  |TAMS 0x0000000088600000, 0x0000000088600000| Untracked 
| 105|0x0000000088700000, 0x0000000088700000, 0x0000000088800000|  0%| F|  |TAMS 0x0000000088700000, 0x0000000088700000| Untracked 
| 106|0x0000000088800000, 0x0000000088800000, 0x0000000088900000|  0%| F|  |TAMS 0x0000000088800000, 0x0000000088800000| Untracked 
| 107|0x0000000088900000, 0x0000000088900000, 0x0000000088a00000|  0%| F|  |TAMS 0x0000000088900000, 0x0000000088900000| Untracked 
| 108|0x0000000088a00000, 0x0000000088a00000, 0x0000000088b00000|  0%| F|  |TAMS 0x0000000088a00000, 0x0000000088a00000| Untracked 
| 109|0x0000000088b00000, 0x0000000088b00000, 0x0000000088c00000|  0%| F|  |TAMS 0x0000000088b00000, 0x0000000088b00000| Untracked 
| 110|0x0000000088c00000, 0x0000000088c00000, 0x0000000088d00000|  0%| F|  |TAMS 0x0000000088c00000, 0x0000000088c00000| Untracked 
| 111|0x0000000088d00000, 0x0000000088d00000, 0x0000000088e00000|  0%| F|  |TAMS 0x0000000088d00000, 0x0000000088d00000| Untracked 
| 112|0x0000000088e00000, 0x0000000088e00000, 0x0000000088f00000|  0%| F|  |TAMS 0x0000000088e00000, 0x0000000088e00000| Untracked 
| 113|0x0000000088f00000, 0x0000000088f00000, 0x0000000089000000|  0%| F|  |TAMS 0x0000000088f00000, 0x0000000088f00000| Untracked 
| 114|0x0000000089000000, 0x0000000089000000, 0x0000000089100000|  0%| F|  |TAMS 0x0000000089000000, 0x0000000089000000| Untracked 
| 115|0x0000000089100000, 0x0000000089100000, 0x0000000089200000|  0%| F|  |TAMS 0x0000000089100000, 0x0000000089100000| Untracked 
| 116|0x0000000089200000, 0x0000000089200000, 0x0000000089300000|  0%| F|  |TAMS 0x0000000089200000, 0x0000000089200000| Untracked 
| 117|0x0000000089300000, 0x0000000089300000, 0x0000000089400000|  0%| F|  |TAMS 0x0000000089300000, 0x0000000089300000| Untracked 
| 118|0x0000000089400000, 0x0000000089400000, 0x0000000089500000|  0%| F|  |TAMS 0x0000000089400000, 0x0000000089400000| Untracked 
| 119|0x0000000089500000, 0x0000000089500000, 0x0000000089600000|  0%| F|  |TAMS 0x0000000089500000, 0x0000000089500000| Untracked 
| 120|0x0000000089600000, 0x0000000089600000, 0x0000000089700000|  0%| F|  |TAMS 0x0000000089600000, 0x0000000089600000| Untracked 
| 121|0x0000000089700000, 0x0000000089700000, 0x0000000089800000|  0%| F|  |TAMS 0x0000000089700000, 0x0000000089700000| Untracked 
| 122|0x0000000089800000, 0x0000000089800000, 0x0000000089900000|  0%| F|  |TAMS 0x0000000089800000, 0x0000000089800000| Untracked 
| 123|0x0000000089900000, 0x0000000089900000, 0x0000000089a00000|  0%| F|  |TAMS 0x0000000089900000, 0x0000000089900000| Untracked 
| 124|0x0000000089a00000, 0x0000000089a00000, 0x0000000089b00000|  0%| F|  |TAMS 0x0000000089a00000, 0x0000000089a00000| Untracked 
| 125|0x0000000089b00000, 0x0000000089b00000, 0x0000000089c00000|  0%| F|  |TAMS 0x0000000089b00000, 0x0000000089b00000| Untracked 
| 126|0x0000000089c00000, 0x0000000089c00000, 0x0000000089d00000|  0%| F|  |TAMS 0x0000000089c00000, 0x0000000089c00000| Untracked 
| 127|0x0000000089d00000, 0x0000000089d00000, 0x0000000089e00000|  0%| F|  |TAMS 0x0000000089d00000, 0x0000000089d00000| Untracked 
| 128|0x0000000089e00000, 0x0000000089e00000, 0x0000000089f00000|  0%| F|  |TAMS 0x0000000089e00000, 0x0000000089e00000| Untracked 
| 129|0x0000000089f00000, 0x0000000089f00000, 0x000000008a000000|  0%| F|  |TAMS 0x0000000089f00000, 0x0000000089f00000| Untracked 
| 130|0x000000008a000000, 0x000000008a000000, 0x000000008a100000|  0%| F|  |TAMS 0x000000008a000000, 0x000000008a000000| Untracked 
| 131|0x000000008a100000, 0x000000008a100000, 0x000000008a200000|  0%| F|  |TAMS 0x000000008a100000, 0x000000008a100000| Untracked 
| 132|0x000000008a200000, 0x000000008a200000, 0x000000008a300000|  0%| F|  |TAMS 0x000000008a200000, 0x000000008a200000| Untracked 
| 133|0x000000008a300000, 0x000000008a300000, 0x000000008a400000|  0%| F|  |TAMS 0x000000008a300000, 0x000000008a300000| Untracked 
| 134|0x000000008a400000, 0x000000008a400000, 0x000000008a500000|  0%| F|  |TAMS 0x000000008a400000, 0x000000008a400000| Untracked 
| 135|0x000000008a500000, 0x000000008a500000, 0x000000008a600000|  0%| F|  |TAMS 0x000000008a500000, 0x000000008a500000| Untracked 
| 136|0x000000008a600000, 0x000000008a600000, 0x000000008a700000|  0%| F|  |TAMS 0x000000008a600000, 0x000000008a600000| Untracked 
| 137|0x000000008a700000, 0x000000008a800000, 0x000000008a800000|100%| E|  |TAMS 0x000000008a700000, 0x000000008a700000| Complete 
| 138|0x000000008a800000, 0x000000008a900000, 0x000000008a900000|100%| E|CS|TAMS 0x000000008a800000, 0x000000008a800000| Complete 
| 139|0x000000008a900000, 0x000000008aa00000, 0x000000008aa00000|100%| E|CS|TAMS 0x000000008a900000, 0x000000008a900000| Complete 
| 140|0x000000008aa00000, 0x000000008ab00000, 0x000000008ab00000|100%| E|CS|TAMS 0x000000008aa00000, 0x000000008aa00000| Complete 
| 141|0x000000008ab00000, 0x000000008ac00000, 0x000000008ac00000|100%| E|CS|TAMS 0x000000008ab00000, 0x000000008ab00000| Complete 
| 142|0x000000008ac00000, 0x000000008ad00000, 0x000000008ad00000|100%| E|CS|TAMS 0x000000008ac00000, 0x000000008ac00000| Complete 
| 143|0x000000008ad00000, 0x000000008ae00000, 0x000000008ae00000|100%| E|CS|TAMS 0x000000008ad00000, 0x000000008ad00000| Complete 
| 144|0x000000008ae00000, 0x000000008af00000, 0x000000008af00000|100%| E|CS|TAMS 0x000000008ae00000, 0x000000008ae00000| Complete 
| 145|0x000000008af00000, 0x000000008b000000, 0x000000008b000000|100%| E|CS|TAMS 0x000000008af00000, 0x000000008af00000| Complete 
| 146|0x000000008b000000, 0x000000008b100000, 0x000000008b100000|100%| E|CS|TAMS 0x000000008b000000, 0x000000008b000000| Complete 
| 147|0x000000008b100000, 0x000000008b200000, 0x000000008b200000|100%| E|CS|TAMS 0x000000008b100000, 0x000000008b100000| Complete 
| 148|0x000000008b200000, 0x000000008b300000, 0x000000008b300000|100%| E|CS|TAMS 0x000000008b200000, 0x000000008b200000| Complete 
| 149|0x000000008b300000, 0x000000008b35ee50, 0x000000008b400000| 37%| S|CS|TAMS 0x000000008b300000, 0x000000008b300000| Complete 
| 150|0x000000008b400000, 0x000000008b500000, 0x000000008b500000|100%| S|CS|TAMS 0x000000008b400000, 0x000000008b400000| Complete 
| 151|0x000000008b500000, 0x000000008b600000, 0x000000008b600000|100%| S|CS|TAMS 0x000000008b500000, 0x000000008b500000| Complete 
| 152|0x000000008b600000, 0x000000008b700000, 0x000000008b700000|100%| S|CS|TAMS 0x000000008b600000, 0x000000008b600000| Complete 
| 153|0x000000008b700000, 0x000000008b800000, 0x000000008b800000|100%| S|CS|TAMS 0x000000008b700000, 0x000000008b700000| Complete 
| 154|0x000000008b800000, 0x000000008b900000, 0x000000008b900000|100%| S|CS|TAMS 0x000000008b800000, 0x000000008b800000| Complete 
| 155|0x000000008b900000, 0x000000008ba00000, 0x000000008ba00000|100%| S|CS|TAMS 0x000000008b900000, 0x000000008b900000| Complete 
| 156|0x000000008ba00000, 0x000000008bb00000, 0x000000008bb00000|100%| S|CS|TAMS 0x000000008ba00000, 0x000000008ba00000| Complete 
| 157|0x000000008bb00000, 0x000000008bc00000, 0x000000008bc00000|100%| S|CS|TAMS 0x000000008bb00000, 0x000000008bb00000| Complete 
| 158|0x000000008bc00000, 0x000000008bd00000, 0x000000008bd00000|100%| S|CS|TAMS 0x000000008bc00000, 0x000000008bc00000| Complete 
| 159|0x000000008bd00000, 0x000000008be00000, 0x000000008be00000|100%| E|CS|TAMS 0x000000008bd00000, 0x000000008bd00000| Complete 
| 160|0x000000008be00000, 0x000000008bf00000, 0x000000008bf00000|100%| E|CS|TAMS 0x000000008be00000, 0x000000008be00000| Complete 
| 161|0x000000008bf00000, 0x000000008c000000, 0x000000008c000000|100%| E|CS|TAMS 0x000000008bf00000, 0x000000008bf00000| Complete 
| 162|0x000000008c000000, 0x000000008c100000, 0x000000008c100000|100%| E|CS|TAMS 0x000000008c000000, 0x000000008c000000| Complete 
| 163|0x000000008c100000, 0x000000008c200000, 0x000000008c200000|100%| E|CS|TAMS 0x000000008c100000, 0x000000008c100000| Complete 
| 164|0x000000008c200000, 0x000000008c300000, 0x000000008c300000|100%| E|CS|TAMS 0x000000008c200000, 0x000000008c200000| Complete 
| 165|0x000000008c300000, 0x000000008c400000, 0x000000008c400000|100%| E|CS|TAMS 0x000000008c300000, 0x000000008c300000| Complete 
| 166|0x000000008c400000, 0x000000008c500000, 0x000000008c500000|100%| E|CS|TAMS 0x000000008c400000, 0x000000008c400000| Complete 
| 167|0x000000008c500000, 0x000000008c600000, 0x000000008c600000|100%| E|CS|TAMS 0x000000008c500000, 0x000000008c500000| Complete 
| 168|0x000000008c600000, 0x000000008c700000, 0x000000008c700000|100%| E|CS|TAMS 0x000000008c600000, 0x000000008c600000| Complete 
| 169|0x000000008c700000, 0x000000008c800000, 0x000000008c800000|100%| E|CS|TAMS 0x000000008c700000, 0x000000008c700000| Complete 
| 170|0x000000008c800000, 0x000000008c900000, 0x000000008c900000|100%| E|CS|TAMS 0x000000008c800000, 0x000000008c800000| Complete 
| 171|0x000000008c900000, 0x000000008ca00000, 0x000000008ca00000|100%| E|CS|TAMS 0x000000008c900000, 0x000000008c900000| Complete 
| 172|0x000000008ca00000, 0x000000008cb00000, 0x000000008cb00000|100%| E|CS|TAMS 0x000000008ca00000, 0x000000008ca00000| Complete 
| 173|0x000000008cb00000, 0x000000008cc00000, 0x000000008cc00000|100%| E|CS|TAMS 0x000000008cb00000, 0x000000008cb00000| Complete 
| 174|0x000000008cc00000, 0x000000008cd00000, 0x000000008cd00000|100%| E|CS|TAMS 0x000000008cc00000, 0x000000008cc00000| Complete 
| 175|0x000000008cd00000, 0x000000008ce00000, 0x000000008ce00000|100%| E|CS|TAMS 0x000000008cd00000, 0x000000008cd00000| Complete 
| 176|0x000000008ce00000, 0x000000008cf00000, 0x000000008cf00000|100%| E|CS|TAMS 0x000000008ce00000, 0x000000008ce00000| Complete 
| 177|0x000000008cf00000, 0x000000008d000000, 0x000000008d000000|100%| E|CS|TAMS 0x000000008cf00000, 0x000000008cf00000| Complete 
| 178|0x000000008d000000, 0x000000008d100000, 0x000000008d100000|100%| E|CS|TAMS 0x000000008d000000, 0x000000008d000000| Complete 
| 179|0x000000008d100000, 0x000000008d200000, 0x000000008d200000|100%| E|CS|TAMS 0x000000008d100000, 0x000000008d100000| Complete 
| 180|0x000000008d200000, 0x000000008d300000, 0x000000008d300000|100%| E|CS|TAMS 0x000000008d200000, 0x000000008d200000| Complete 
| 181|0x000000008d300000, 0x000000008d400000, 0x000000008d400000|100%| E|CS|TAMS 0x000000008d300000, 0x000000008d300000| Complete 
| 182|0x000000008d400000, 0x000000008d500000, 0x000000008d500000|100%| E|CS|TAMS 0x000000008d400000, 0x000000008d400000| Complete 
| 183|0x000000008d500000, 0x000000008d600000, 0x000000008d600000|100%| E|CS|TAMS 0x000000008d500000, 0x000000008d500000| Complete 
| 184|0x000000008d600000, 0x000000008d700000, 0x000000008d700000|100%| E|CS|TAMS 0x000000008d600000, 0x000000008d600000| Complete 

Card table byte_map: [0x0000015e44ff0000,0x0000015e453f0000] _byte_map_base: 0x0000015e44be1000

Marking Bits (Prev, Next): (CMBitMap*) 0x0000015e2b32d010, (CMBitMap*) 0x0000015e2b32cfd8
 Prev Bits: [0x0000015e47780000, 0x0000015e49708000)
 Next Bits: [0x0000015e457f0000, 0x0000015e47778000)

Polling page: 0x0000015e2b5b0000

Metaspace:

Usage:
  Non-class:     51.51 MB capacity,    50.40 MB ( 98%) used,   903.13 KB (  2%) free+waste,   228.19 KB ( <1%) overhead. 
      Class:      8.03 MB capacity,     7.29 MB ( 91%) used,   647.30 KB (  8%) free+waste,   109.63 KB (  1%) overhead. 
       Both:     59.54 MB capacity,    57.70 MB ( 97%) used,     1.51 MB (  3%) free+waste,   337.81 KB ( <1%) overhead. 

Virtual space:
  Non-class space:       52.00 MB reserved,      51.71 MB (>99%) committed 
      Class space:        1.00 GB reserved,       8.12 MB ( <1%) committed 
             Both:        1.05 GB reserved,      59.83 MB (  6%) committed 

Chunk freelists:
   Non-Class:  6.75 KB
       Class:  0 bytes
        Both:  6.75 KB

CodeHeap 'non-profiled nmethods': size=120000Kb used=2219Kb max_used=2219Kb free=117780Kb
 bounds [0x0000015e3d390000, 0x0000015e3d600000, 0x0000015e448c0000]
CodeHeap 'profiled nmethods': size=120000Kb used=10951Kb max_used=10951Kb free=109049Kb
 bounds [0x0000015e35e60000, 0x0000015e36920000, 0x0000015e3d390000]
CodeHeap 'non-nmethods': size=5760Kb used=1204Kb max_used=1256Kb free=4555Kb
 bounds [0x0000015e358c0000, 0x0000015e35b30000, 0x0000015e35e60000]
 total_blobs=5416 nmethods=4842 adapters=485
 compilation: enabled
              stopped_count=0, restarted_count=0
 full_count=0

Compilation events (10 events):
Event: 16.113 Thread 0x0000015e4c181000 4976       2       java.util.Calendar::getBaseStyle (5 bytes)
Event: 16.113 Thread 0x0000015e4c181000 nmethod 4976 0x0000015e36905510 code [0x0000015e369056a0, 0x0000015e36905798]
Event: 16.188 Thread 0x0000015e4c181000 4978       2       java.util.regex.Pattern::RemoveQEQuoting (346 bytes)
Event: 16.190 Thread 0x0000015e4c181000 nmethod 4978 0x0000015e36905810 code [0x0000015e36905a20, 0x0000015e369063f8]
Event: 16.222 Thread 0x0000015e4c181000 4979       2       org.springframework.core.io.ResourceEditor::<init> (8 bytes)
Event: 16.223 Thread 0x0000015e4c181000 nmethod 4979 0x0000015e36906890 code [0x0000015e36906a40, 0x0000015e36906d28]
Event: 16.223 Thread 0x0000015e4c181000 4980       2       org.springframework.core.io.ResourceEditor::<init> (26 bytes)
Event: 16.223 Thread 0x0000015e4c181000 nmethod 4980 0x0000015e36906e90 code [0x0000015e36907040, 0x0000015e36907328]
Event: 16.331 Thread 0x0000015e4c181000 4981   !   2       jdk.xml.internal.SecuritySupport::readJAXPProperty (147 bytes)
Event: 16.338 Thread 0x0000015e4c181000 nmethod 4981 0x0000015e36907410 code [0x0000015e369077e0, 0x0000015e36908af8]

GC Heap History (10 events):
Event: 7.870 GC heap before
{Heap before GC invocations=6 (full 0):
 garbage-first heap   total 157696K, used 19489K [0x0000000081e00000, 0x0000000100000000)
  region size 1024K, 12 young (12288K), 7 survivors (7168K)
 Metaspace       used 34624K, capacity 35822K, committed 35964K, reserved 1081344K
  class space    used 4147K, capacity 4629K, committed 4732K, reserved 1048576K
}
Event: 7.891 GC heap after
{Heap after GC invocations=7 (full 0):
 garbage-first heap   total 157696K, used 15959K [0x0000000081e00000, 0x0000000100000000)
  region size 1024K, 6 young (6144K), 6 survivors (6144K)
 Metaspace       used 34624K, capacity 35822K, committed 35964K, reserved 1081344K
  class space    used 4147K, capacity 4629K, committed 4732K, reserved 1048576K
}
Event: 11.559 GC heap before
{Heap before GC invocations=8 (full 0):
 garbage-first heap   total 157696K, used 99927K [0x0000000081e00000, 0x0000000100000000)
  region size 1024K, 88 young (90112K), 6 survivors (6144K)
 Metaspace       used 47126K, capacity 48563K, committed 48764K, reserved 1091584K
  class space    used 5833K, capacity 6399K, committed 6524K, reserved 1048576K
}
Event: 11.585 GC heap after
{Heap after GC invocations=9 (full 0):
 garbage-first heap   total 157696K, used 20411K [0x0000000081e00000, 0x0000000100000000)
  region size 1024K, 11 young (11264K), 11 survivors (11264K)
 Metaspace       used 47126K, capacity 48563K, committed 48764K, reserved 1091584K
  class space    used 5833K, capacity 6399K, committed 6524K, reserved 1048576K
}
Event: 13.646 GC heap before
{Heap before GC invocations=9 (full 0):
 garbage-first heap   total 157696K, used 103355K [0x0000000081e00000, 0x0000000100000000)
  region size 1024K, 92 young (94208K), 11 survivors (11264K)
 Metaspace       used 54488K, capacity 56046K, committed 56188K, reserved 1097728K
  class space    used 6763K, capacity 7418K, committed 7548K, reserved 1048576K
}
Event: 13.673 GC heap after
{Heap after GC invocations=10 (full 0):
 garbage-first heap   total 157696K, used 24402K [0x0000000081e00000, 0x0000000100000000)
  region size 1024K, 10 young (10240K), 10 survivors (10240K)
 Metaspace       used 54488K, capacity 56046K, committed 56188K, reserved 1097728K
  class space    used 6763K, capacity 7418K, committed 7548K, reserved 1048576K
}
Event: 15.086 GC heap before
{Heap before GC invocations=10 (full 0):
 garbage-first heap   total 157696K, used 108370K [0x0000000081e00000, 0x0000000100000000)
  region size 1024K, 92 young (94208K), 10 survivors (10240K)
 Metaspace       used 57293K, capacity 59113K, committed 59260K, reserved 1099776K
  class space    used 7180K, capacity 7931K, committed 8060K, reserved 1048576K
}
Event: 15.119 GC heap after
{Heap after GC invocations=11 (full 0):
 garbage-first heap   total 189440K, used 28376K [0x0000000081e00000, 0x0000000100000000)
  region size 1024K, 8 young (8192K), 8 survivors (8192K)
 Metaspace       used 57293K, capacity 59113K, committed 59260K, reserved 1099776K
  class space    used 7180K, capacity 7931K, committed 8060K, reserved 1048576K
}
Event: 15.591 GC heap before
{Heap before GC invocations=11 (full 0):
 garbage-first heap   total 189440K, used 53976K [0x0000000081e00000, 0x0000000100000000)
  region size 1024K, 34 young (34816K), 8 survivors (8192K)
 Metaspace       used 58451K, capacity 60235K, committed 60368K, reserved 1101824K
  class space    used 7360K, capacity 8113K, committed 8188K, reserved 1048576K
}
Event: 15.614 GC heap after
{Heap after GC invocations=12 (full 0):
 garbage-first heap   total 189440K, used 29779K [0x0000000081e00000, 0x0000000100000000)
  region size 1024K, 10 young (10240K), 10 survivors (10240K)
 Metaspace       used 58451K, capacity 60235K, committed 60368K, reserved 1101824K
  class space    used 7360K, capacity 8113K, committed 8188K, reserved 1048576K
}

Deoptimization events (10 events):
Event: 12.926 Thread 0x0000015e2d442000 Uncommon trap: reason=class_check action=maybe_recompile pc=0x0000015e3d4eaf7c method=org.springframework.core.ResolvableType.resolveType()Lorg/springframework/core/ResolvableType; @ 131 c2
Event: 12.930 Thread 0x0000015e2d442000 Uncommon trap: reason=unstable_if action=reinterpret pc=0x0000015e3d4faac4 method=java.util.concurrent.ConcurrentHashMap.putVal(Ljava/lang/Object;Ljava/lang/Object;Z)Ljava/lang/Object; @ 401 c2
Event: 13.091 Thread 0x0000015e2d442000 Uncommon trap: reason=speculate_null_assert action=make_not_entrant pc=0x0000015e3d4f2b78 method=org.springframework.util.ConcurrentReferenceHashMap$Segment.restructureIfNecessary(Z)V @ 41 c2
Event: 13.173 Thread 0x0000015e2d442000 Uncommon trap: reason=speculate_null_assert action=make_not_entrant pc=0x0000015e3d47b07c method=org.springframework.util.ConcurrentReferenceHashMap$Segment.restructureIfNecessary(Z)V @ 41 c2
Event: 13.348 Thread 0x0000015e2d442000 Uncommon trap: reason=predicate action=maybe_recompile pc=0x0000015e3d5716e4 method=java.util.AbstractCollection.toArray([Ljava/lang/Object;)[Ljava/lang/Object; @ 43 c2
Event: 13.360 Thread 0x0000015e2d442000 Uncommon trap: reason=unstable_if action=reinterpret pc=0x0000015e3d544550 method=java.util.concurrent.ConcurrentHashMap.get(Ljava/lang/Object;)Ljava/lang/Object; @ 86 c2
Event: 13.492 Thread 0x0000015e2d442000 Uncommon trap: reason=unstable_if action=reinterpret pc=0x0000015e3d4963f0 method=sun.reflect.annotation.AnnotationInvocationHandler.invoke(Ljava/lang/Object;Ljava/lang/reflect/Method;[Ljava/lang/Object;)Ljava/lang/Object; @ 64 c2
Event: 14.117 Thread 0x0000015e2d442000 Uncommon trap: reason=unstable_if action=reinterpret pc=0x0000015e3d4a5b70 method=java.util.concurrent.ConcurrentHashMap.transfer([Ljava/util/concurrent/ConcurrentHashMap$Node;[Ljava/util/concurrent/ConcurrentHashMap$Node;)V @ 352 c2
Event: 14.987 Thread 0x0000015e2d442000 Uncommon trap: reason=unstable_if action=reinterpret pc=0x0000015e3d4ea860 method=org.springframework.core.ResolvableType.resolveType()Lorg/springframework/core/ResolvableType; @ 37 c2
Event: 15.253 Thread 0x0000015e2d442000 Uncommon trap: reason=unstable_if action=reinterpret pc=0x0000015e3d4a3178 method=java.util.concurrent.ConcurrentHashMap.transfer([Ljava/util/concurrent/ConcurrentHashMap$Node;[Ljava/util/concurrent/ConcurrentHashMap$Node;)V @ 352 c2

Classes redefined (0 events):
No events

Internal exceptions (10 events):
Event: 16.324 Thread 0x0000015e2d442000 Exception <a 'java/lang/ClassNotFoundException'{0x000000008b0fef38}: java/lang/ObjectCustomizer> (0x000000008b0fef38) thrown at [./open/src/hotspot/share/classfile/systemDictionary.cpp, line 228]
Event: 16.327 Thread 0x0000015e2d442000 Exception <a 'java/lang/ClassNotFoundException'{0x000000008af1e508}: org/springframework/boot/autoconfigure/web/servlet/WebMvcAutoConfigurationCustomizer> (0x000000008af1e508) thrown at [./open/src/hotspot/share/classfile/systemDictionary.cpp, line 228]
Event: 16.336 Thread 0x0000015e2d442000 Exception <a 'java/lang/ClassNotFoundException'{0x000000008af4f1a0}: java/lang/ObjectCustomizer> (0x000000008af4f1a0) thrown at [./open/src/hotspot/share/classfile/systemDictionary.cpp, line 228]
Event: 16.337 Thread 0x0000015e2d442000 Exception <a 'java/lang/ClassNotFoundException'{0x000000008af696e8}: org/springframework/web/filter/GenericFilterBeanCustomizer> (0x000000008af696e8) thrown at [./open/src/hotspot/share/classfile/systemDictionary.cpp, line 228]
Event: 16.339 Thread 0x0000015e2d442000 Exception <a 'java/lang/ClassNotFoundException'{0x000000008af85fe0}: org/springframework/web/filter/OncePerRequestFilterCustomizer> (0x000000008af85fe0) thrown at [./open/src/hotspot/share/classfile/systemDictionary.cpp, line 228]
Event: 16.340 Thread 0x0000015e2d442000 Exception <a 'java/lang/ClassNotFoundException'{0x000000008af9ed28}: org/springframework/web/filter/FormContentFilterCustomizer> (0x000000008af9ed28) thrown at [./open/src/hotspot/share/classfile/systemDictionary.cpp, line 228]
Event: 16.341 Thread 0x0000015e2d442000 Exception <a 'java/lang/ClassNotFoundException'{0x000000008afbceb0}: org/springframework/boot/web/servlet/filter/OrderedFormContentFilterCustomizer> (0x000000008afbceb0) thrown at [./open/src/hotspot/share/classfile/systemDictionary.cpp, line 228]
Event: 16.343 Thread 0x0000015e2d442000 Exception <a 'java/lang/ClassNotFoundException'{0x000000008afdecd0}: org/springframework/boot/web/servlet/filter/OrderedFilterCustomizer> (0x000000008afdecd0) thrown at [./open/src/hotspot/share/classfile/systemDictionary.cpp, line 228]
Event: 16.344 Thread 0x0000015e2d442000 Exception <a 'java/lang/ClassNotFoundException'{0x000000008aff16f8}: javax/servlet/FilterCustomizer> (0x000000008aff16f8) thrown at [./open/src/hotspot/share/classfile/systemDictionary.cpp, line 228]
Event: 16.346 Thread 0x0000015e2d442000 Exception <a 'java/lang/ClassNotFoundException'{0x000000008ae075c0}: org/springframework/core/OrderedCustomizer> (0x000000008ae075c0) thrown at [./open/src/hotspot/share/classfile/systemDictionary.cpp, line 228]

Events (10 events):
Event: 16.345 loading class org/springframework/core/OrderedCustomizer
Event: 16.345 loading class org/springframework/core/OrderedCustomizer done
Event: 16.345 loading class org/springframework/core/OrderedCustomizer
Event: 16.345 loading class org/springframework/core/OrderedCustomizer done
Event: 16.346 loading class org/springframework/core/OrderedCustomizer
Event: 16.346 loading class org/springframework/core/OrderedCustomizer done
Event: 16.346 loading class javax/servlet/FilterCustomizer
Event: 16.346 loading class javax/servlet/FilterCustomizer done
Event: 16.347 loading class javax/servlet/FilterCustomizer
Event: 16.347 loading class javax/servlet/FilterCustomizer done


Dynamic libraries:
0x00007ff6f4c40000 - 0x00007ff6f4c4f000 	C:\Program Files\Java\jdk-11.0.10\bin\java.exe
0x00007ffefdf70000 - 0x00007ffefe165000 	C:\Windows\SYSTEM32\ntdll.dll
0x00007ffefd470000 - 0x00007ffefd52d000 	C:\Windows\System32\KERNEL32.DLL
0x00007ffefb830000 - 0x00007ffefbaf8000 	C:\Windows\System32\KERNELBASE.dll
0x00007ffefb680000 - 0x00007ffefb780000 	C:\Windows\System32\ucrtbase.dll
0x00007ffef31d0000 - 0x00007ffef31e5000 	C:\Program Files\Java\jdk-11.0.10\bin\VCRUNTIME140.dll
0x00007ffef6a40000 - 0x00007ffef6a58000 	C:\Program Files\Java\jdk-11.0.10\bin\jli.dll
0x00007ffefc6d0000 - 0x00007ffefc77c000 	C:\Windows\System32\ADVAPI32.dll
0x00007ffefdd40000 - 0x00007ffefddde000 	C:\Windows\System32\msvcrt.dll
0x00007ffefde60000 - 0x00007ffefdefb000 	C:\Windows\System32\sechost.dll
0x00007ffefd100000 - 0x00007ffefd22b000 	C:\Windows\System32\RPCRT4.dll
0x00007ffefc780000 - 0x00007ffefc920000 	C:\Windows\System32\USER32.dll
0x00007ffedec00000 - 0x00007ffedee9a000 	C:\Windows\WinSxS\amd64_microsoft.windows.common-controls_6595b64144ccf1df_6.0.19041.844_none_ca00b6081b84eb1d\COMCTL32.dll
0x00007ffefbcc0000 - 0x00007ffefbce2000 	C:\Windows\System32\win32u.dll
0x00007ffefc1a0000 - 0x00007ffefc1ca000 	C:\Windows\System32\GDI32.dll
0x00007ffefbcf0000 - 0x00007ffefbdfb000 	C:\Windows\System32\gdi32full.dll
0x00007ffefbf00000 - 0x00007ffefbf9d000 	C:\Windows\System32\msvcp_win.dll
0x00007ffef5970000 - 0x00007ffef597a000 	C:\Windows\SYSTEM32\VERSION.dll
0x00007ffefd440000 - 0x00007ffefd470000 	C:\Windows\System32\IMM32.DLL
0x00007ffec8720000 - 0x00007ffec87bb000 	C:\Program Files\Java\jdk-11.0.10\bin\msvcp140.dll
0x00007ffeb4a80000 - 0x00007ffeb557b000 	C:\Program Files\Java\jdk-11.0.10\bin\server\jvm.dll
0x00007ffefca00000 - 0x00007ffefca08000 	C:\Windows\System32\PSAPI.DLL
0x00007ffeeba00000 - 0x00007ffeeba27000 	C:\Windows\SYSTEM32\WINMM.dll
0x00007ffee9190000 - 0x00007ffee9199000 	C:\Windows\SYSTEM32\WSOCK32.dll
0x00007ffefc130000 - 0x00007ffefc19b000 	C:\Windows\System32\WS2_32.dll
0x00007ffef9590000 - 0x00007ffef95a2000 	C:\Windows\SYSTEM32\kernel.appcore.dll
0x00007ffef6a20000 - 0x00007ffef6a30000 	C:\Program Files\Java\jdk-11.0.10\bin\verify.dll
0x00007ffef1110000 - 0x00007ffef12f4000 	C:\Windows\SYSTEM32\DBGHELP.DLL
0x00007ffef0d50000 - 0x00007ffef0d7c000 	C:\Windows\SYSTEM32\dbgcore.DLL
0x00007ffefbe80000 - 0x00007ffefbf00000 	C:\Windows\System32\bcryptPrimitives.dll
0x00007ffef3180000 - 0x00007ffef31a8000 	C:\Program Files\Java\jdk-11.0.10\bin\java.dll
0x00007ffef6710000 - 0x00007ffef671a000 	C:\Program Files\Java\jdk-11.0.10\bin\jimage.dll
0x00007ffef31c0000 - 0x00007ffef31ce000 	C:\Program Files\Java\jdk-11.0.10\bin\instrument.dll
0x00007ffef3110000 - 0x00007ffef3126000 	C:\Program Files\Java\jdk-11.0.10\bin\zip.dll
0x00007ffefd590000 - 0x00007ffefdcd2000 	C:\Windows\System32\SHELL32.dll
0x00007ffef9790000 - 0x00007ffef9f20000 	C:\Windows\SYSTEM32\windows.storage.dll
0x00007ffefccf0000 - 0x00007ffefd045000 	C:\Windows\System32\combase.dll
0x00007ffefb020000 - 0x00007ffefb04c000 	C:\Windows\SYSTEM32\Wldp.dll
0x00007ffefd050000 - 0x00007ffefd0fe000 	C:\Windows\System32\SHCORE.dll
0x00007ffefc0d0000 - 0x00007ffefc125000 	C:\Windows\System32\shlwapi.dll
0x00007ffefb5c0000 - 0x00007ffefb5df000 	C:\Windows\SYSTEM32\profapi.dll
0x00007ffef3090000 - 0x00007ffef30a9000 	C:\Program Files\Java\jdk-11.0.10\bin\net.dll
0x00007ffef44d0000 - 0x00007ffef45db000 	C:\Windows\SYSTEM32\WINHTTP.dll
0x00007ffefae00000 - 0x00007ffefae6a000 	C:\Windows\system32\mswsock.dll
0x00007ffef2ec0000 - 0x00007ffef2ed2000 	C:\Program Files\Java\jdk-11.0.10\bin\nio.dll
0x00007ffef2e80000 - 0x00007ffef2e9a000 	C:\Program Files\JetBrains\IntelliJ IDEA 2020.3.2\bin\breakgen64.dll
0x00007ffef2eb0000 - 0x00007ffef2eb9000 	C:\Program Files\Java\jdk-11.0.10\bin\management.dll
0x00007ffef0c40000 - 0x00007ffef0c4b000 	C:\Program Files\Java\jdk-11.0.10\bin\management_ext.dll
0x00007ffec2b90000 - 0x00007ffec2ba7000 	C:\Windows\system32\napinsp.dll
0x00007ffec2b70000 - 0x00007ffec2b8b000 	C:\Windows\system32\pnrpnsp.dll
0x00007ffef5d10000 - 0x00007ffef5d25000 	C:\Windows\system32\wshbth.dll
0x00007ffef59e0000 - 0x00007ffef59fd000 	C:\Windows\system32\NLAapi.dll
0x00007ffefaac0000 - 0x00007ffefaafb000 	C:\Windows\SYSTEM32\IPHLPAPI.DLL
0x00007ffefab00000 - 0x00007ffefabcc000 	C:\Windows\SYSTEM32\DNSAPI.dll
0x00007ffefcc00000 - 0x00007ffefcc08000 	C:\Windows\System32\NSI.dll
0x00007ffec2b50000 - 0x00007ffec2b62000 	C:\Windows\System32\winrnr.dll
0x00007ffef1e00000 - 0x00007ffef1e0a000 	C:\Windows\System32\rasadhlp.dll
0x00007ffef4450000 - 0x00007ffef44cf000 	C:\Windows\System32\fwpuclnt.dll
0x00007ffefbe00000 - 0x00007ffefbe27000 	C:\Windows\System32\bcrypt.dll
0x00007ffefb060000 - 0x00007ffefb078000 	C:\Windows\SYSTEM32\CRYPTSP.dll
0x00007ffefa750000 - 0x00007ffefa784000 	C:\Windows\system32\rsaenh.dll
0x00007ffefb580000 - 0x00007ffefb5ae000 	C:\Windows\SYSTEM32\USERENV.dll
0x00007ffefaf80000 - 0x00007ffefaf8c000 	C:\Windows\SYSTEM32\CRYPTBASE.dll
0x00007ffef56c0000 - 0x00007ffef56d7000 	C:\Windows\SYSTEM32\dhcpcsvc6.DLL
0x00007ffef5600000 - 0x00007ffef561d000 	C:\Windows\SYSTEM32\dhcpcsvc.DLL

dbghelp: loaded successfully - version: 4.0.5 - missing functions: none
symbol engine: initialized successfully - sym options: 0x614 - pdb path: .;C:\Program Files\Java\jdk-11.0.10\bin;C:\Windows\SYSTEM32;C:\Windows\WinSxS\amd64_microsoft.windows.common-controls_6595b64144ccf1df_6.0.19041.844_none_ca00b6081b84eb1d;C:\Program Files\Java\jdk-11.0.10\bin\server;C:\Program Files\JetBrains\IntelliJ IDEA 2020.3.2\bin

VM Arguments:
jvm_args: -ea -Didea.test.cyclic.buffer.size=1048576 -javaagent:C:\Program Files\JetBrains\IntelliJ IDEA 2020.3.2\lib\idea_rt.jar=50339:C:\Program Files\JetBrains\IntelliJ IDEA 2020.3.2\bin -Dfile.encoding=UTF-8 
java_command: com.intellij.rt.junit.JUnitStarter -ideVersion5 -junit5 @w@C:\Users\LENOVO\AppData\Local\Temp\idea_working_dirs_junit.tmp @C:\Users\LENOVO\AppData\Local\Temp\idea_junit.tmp -socket50338
java_class_path (initial): C:\Program Files\JetBrains\IntelliJ IDEA 2020.3.2\lib\idea_rt.jar;C:\Users\LENOVO\.m2\repository\org\junit\platform\junit-platform-launcher\1.7.2\junit-platform-launcher-1.7.2.jar;C:\Program Files\JetBrains\IntelliJ IDEA 2020.3.2\plugins\junit\lib\junit5-rt.jar;C:\Program Files\JetBrains\IntelliJ IDEA 2020.3.2\plugins\junit\lib\junit-rt.jar;C:\Users\LENOVO\IdeaProjects\miniproject\target\test-classes;C:\Users\LENOVO\IdeaProjects\miniproject\target\classes;C:\Users\LENOVO\.m2\repository\org\springframework\boot\spring-boot-starter-data-jpa\2.5.0\spring-boot-starter-data-jpa-2.5.0.jar;C:\Users\LENOVO\.m2\repository\org\springframework\boot\spring-boot-starter-aop\2.5.0\spring-boot-starter-aop-2.5.0.jar;C:\Users\LENOVO\.m2\repository\org\aspectj\aspectjweaver\1.9.6\aspectjweaver-1.9.6.jar;C:\Users\LENOVO\.m2\repository\org\springframework\boot\spring-boot-starter-jdbc\2.5.0\spring-boot-starter-jdbc-2.5.0.jar;C:\Users\LENOVO\.m2\repository\com\zaxxer\HikariCP\4.0.3\HikariCP-4.0.3.jar;C:\Users\LENOVO\.m2\repository\org\springframework\spring-jdbc\5.3.7\spring-jdbc-5.3.7.jar;C:\Users\LENOVO\.m2\repository\jakarta\transaction\jakarta.transaction-api\1.3.3\jakarta.transaction-api-1.3.3.jar;C:\Users\LENOVO\.m2\repository\jakarta\persistence\jakarta.persistence-api\2.2.3\jakarta.persistence-api-2.2.3.jar;C:\Users\LENOVO\.m2\repository\org\hibernate\hibernate-core\5.4.31.Final\hibernate-core-5.4.31.Final.jar;C:\Users\LENOVO\.m2\repository\org\jboss\logging\jboss-logging\3.4.1.Final\jboss-logging-3.4.1.Final.jar;C:\Users\LENOVO\.m2\repository\org\javassist\javassist\3.27.0-GA\javassist-3.27.0-GA.jar;C:\Users\LENOVO\.m2\repository\net\bytebuddy\byte-buddy\1.10.22\byte-buddy-1.10.22.jar;C:\Users\LENOVO\.m2\repository\antlr\antlr\2.7.7\antlr-2.7.7.jar;C:\Users\LENOVO\.m2\repository\org\jboss\jandex\2.2.3.Final\jandex-2.2.3.Final.jar;C:\Users\LENOVO\.m2\repository\com\fasterxml\classmate\1.5.1\classmate-1.5.1.jar;C:\Users\LENOVO\.m2\repository\org\dom4j
Launcher Type: SUN_STANDARD

[Global flags]
     intx CICompilerCount                          = 4                                         {product} {ergonomic}
     uint ConcGCThreads                            = 2                                         {product} {ergonomic}
     uint G1ConcRefinementThreads                  = 8                                         {product} {ergonomic}
   size_t G1HeapRegionSize                         = 1048576                                   {product} {ergonomic}
    uintx GCDrainStackTargetSize                   = 64                                        {product} {ergonomic}
   size_t InitialHeapSize                          = 134217728                                 {product} {ergonomic}
   size_t MarkStackSize                            = 4194304                                   {product} {ergonomic}
   size_t MaxHeapSize                              = 2116026368                                {product} {ergonomic}
   size_t MaxNewSize                               = 1268776960                                {product} {ergonomic}
   size_t MinHeapDeltaBytes                        = 1048576                                   {product} {ergonomic}
    uintx NonNMethodCodeHeapSize                   = 5836300                                {pd product} {ergonomic}
    uintx NonProfiledCodeHeapSize                  = 122910970                              {pd product} {ergonomic}
    uintx ProfiledCodeHeapSize                     = 122910970                              {pd product} {ergonomic}
    uintx ReservedCodeCacheSize                    = 251658240                              {pd product} {ergonomic}
     bool SegmentedCodeCache                       = true                                      {product} {ergonomic}
     bool UseCompressedClassPointers               = true                                 {lp64_product} {ergonomic}
     bool UseCompressedOops                        = true                                 {lp64_product} {ergonomic}
     bool UseG1GC                                  = true                                      {product} {ergonomic}
     bool UseLargePagesIndividualAllocation        = false                                  {pd product} {ergonomic}

Logging:
Log output configuration:
 #0: stdout all=warning uptime,level,tags
 #1: stderr all=off uptime,level,tags

Environment Variables:
JAVA_HOME=C:\Program Files\Java\jdk-11.0.10
PATH=C:\Program Files\NVIDIA GPU Computing Toolkit\CUDA\v11.3\bin;C:\Program Files\NVIDIA GPU Computing Toolkit\CUDA\v11.3\libnvvp;C:\Program Files\Common Files\Oracle\Java\javapath;C:\app\LENOVO\product\18.0.0\dbhomeXE\bin;C:\Users\LENOVO\AppData\Roaming\Python\Python39\Scripts;C:\Program Files\Python39\Scripts\;C:\Program Files\Python39\;C:\Windows\system32;C:\Windows;C:\Windows\System32\Wbem;C:\Windows\System32\WindowsPowerShell\v1.0\;C:\Windows\System32\OpenSSH\;C:\Program Files (x86)\NVIDIA Corporation\PhysX\Common;C:\Program Files\NVIDIA Corporation\NVIDIA NvDLISR;C:\Program Files\nodejs\;C:\ProgramData\ComposerSetup\bin;C:\wamp64\bin\php\php7.4.9;C:\Program Files\Java\jdk1.8.0_261;C:\Program Files\Symfony;C:\Program Files\swipl\bin;C:\jdk1.3.1_18\bin;C:\jdk1.3.1_18\jre\bin;C:\Program Files\Git\cmd;C:\Program Files\dotnet\;C:\Program Files (x86)\dotnet\;C:\Program Files\Microsoft SQL Server\130\Tools\Binn\;C:\Program Files\Microsoft SQL Server\Client SDK\ODBC\170\Tools\Binn\;C:\Program Files (x86)\Microsoft SQL Server\150\Tools\Binn\;C:\Program Files\Microsoft SQL Server\150\Tools\Binn\;C:\Program Files\Microsoft SQL Server\150\DTS\Binn\;C:\Program Files (x86)\Microsoft SQL Server\150\DTS\Binn\;C:\Program Files\Azure Data Studio\bin;C:\Program Files\NVIDIA Corporation\Nsight Compute 2021.1.0\;C:\Program Files\Docker\Docker\resources\bin;C:\ProgramData\DockerDesktop\version-bin;C:\Program Files\NVIDIA GPU Computing Toolkit\CUDA\v11.3\bin;C:\Program Files\NVIDIA GPU Computing Toolkit\CUDA\v11.3\libnvvp;C:\Users\LENOVO\AppData\Roaming\Python\Python39\Scripts;C:\Users\LENOVO\anaconda3;C:\Users\LENOVO\anaconda3\Library\mingw-w64\bin;C:\Users\LENOVO\anaconda3\Library\usr\bin;C:\Users\LENOVO\anaconda3\Library\bin;C:\Users\LENOVO\anaconda3\Scripts;C:\Program Files\Python39;C:\Users\LENOVO\AppData\Local\Microsoft\WindowsApps;C:\Users\LENOVO\AppData\Local\Programs\Microsoft VS Code\bin;C:\Users\LENOVO\AppData\Roaming\npm;C:\Program Files\Java\jdk1.8.0_261\bin;C:\Users\LENO
USERNAME=LENOVO
OS=Windows_NT
PROCESSOR_IDENTIFIER=Intel64 Family 6 Model 142 Stepping 10, GenuineIntel



---------------  S Y S T E M  ---------------

OS: Windows 10 , 64 bit Build 19041 (10.0.19041.928)
Hyper-V role detected

CPU:total 8 (initial active 8) (4 cores per cpu, 2 threads per core) family 6 model 142 stepping 10 microcode 0xe0, cmov, cx8, fxsr, mmx, sse, sse2, sse3, ssse3, sse4.1, sse4.2, popcnt, avx, avx2, aes, clmul, erms, 3dnowpref, lzcnt, ht, tsc, tscinvbit, bmi1, bmi2, adx, fma

Memory: 4k page, system-wide physical 8066M (44M free)
TotalPageFile size 32642M (AvailPageFile size 3M)
current process WorkingSet (physical memory assigned to process): 322M, peak: 323M
current process commit charge ("private bytes"): 390M, peak: 392M

vm_info: Java HotSpot(TM) 64-Bit Server VM (11.0.10+8-LTS-162) for windows-amd64 JRE (11.0.10+8-LTS-162), built on Dec  8 2020 16:32:57 by "mach5one" with MS VC++ 15.9 (VS2017)

END.
